<?xml version="1.0" encoding="UTF-8"?>
<!-- Generated by org.testng.reporters.JUnitReportReporter -->
<testsuite hostname="CEW10111" failures="0" tests="3" name="tests.HomeAndQaPageTest" time="0.275" errors="0" timestamp="2023-06-08T08:57:18 CEST" skipped="0">
  <testcase classname="tests.HomeAndQaPageTest" name="Login" time="0.156"/>
  <system-out/>
  <testcase classname="tests.HomeAndQaPageTest" name="VerifyHomePage" time="0.021"/>
  <system-out/>
  <testcase classname="tests.HomeAndQaPageTest" name="VerifyAddItemtoCart" time="0.098"/>
  <system-out/>
</testsuite> <!-- tests.HomeAndQaPageTest -->
